<?xml version="1.0" encoding="UTF-8"?>
<testsuite name="fullstackbackend.FullstackBackendApplicationTests" tests="1" skipped="0" failures="0" errors="0" timestamp="2025-05-01T14:36:25" hostname="DESKTOP-JUSSCGA" time="0.334">
  <properties/>
  <testcase name="contextLoads()" classname="fullstackbackend.FullstackBackendApplicationTests" time="0.334"/>
  <system-out><![CDATA[19:36:21.639 [Test worker] INFO org.springframework.test.context.support.AnnotationConfigContextLoaderUtils -- Could not detect default configuration classes for test class [fullstackbackend.FullstackBackendApplicationTests]: FullstackBackendApplicationTests does not declare any static, non-private, non-final, nested classes annotated with @Configuration.
19:36:21.716 [Test worker] INFO org.springframework.boot.test.context.SpringBootTestContextBootstrapper -- Found @SpringBootConfiguration fullstackbackend.FullstackBackendApplication for test class fullstackbackend.FullstackBackendApplicationTests

  .   ____          _            __ _ _
 /\\ / ___'_ __ _ _(_)_ __  __ _ \ \ \ \
( ( )\___ | '_ | '_| | '_ \/ _` | \ \ \ \
 \\/  ___)| |_)| | | | | || (_| |  ) ) ) )
  '  |____| .__|_| |_|_| |_\__, | / / / /
 =========|_|==============|___/=/_/_/_/
 :: Spring Boot ::                (v3.1.1)

2025-05-01T19:36:22.027+05:00  INFO 8968 --- [    Test worker] f.FullstackBackendApplicationTests       : Starting FullstackBackendApplicationTests using Java 17.0.12 with PID 8968 (started by hp ZBook Fury in C:\Users\hp ZBook Fury\Desktop\Nojus Website\Paslaug-Sistema\PaslauguSistema\fullstack-backend)
2025-05-01T19:36:22.028+05:00  INFO 8968 --- [    Test worker] f.FullstackBackendApplicationTests       : No active profile set, falling back to 1 default profile: "default"
2025-05-01T19:36:22.517+05:00  INFO 8968 --- [    Test worker] .s.d.r.c.RepositoryConfigurationDelegate : Bootstrapping Spring Data JPA repositories in DEFAULT mode.
2025-05-01T19:36:22.583+05:00  INFO 8968 --- [    Test worker] .s.d.r.c.RepositoryConfigurationDelegate : Finished Spring Data repository scanning in 55 ms. Found 7 JPA repository interfaces.
2025-05-01T19:36:22.948+05:00  INFO 8968 --- [    Test worker] o.hibernate.jpa.internal.util.LogHelper  : HHH000204: Processing PersistenceUnitInfo [name: default]
2025-05-01T19:36:22.991+05:00  INFO 8968 --- [    Test worker] org.hibernate.Version                    : HHH000412: Hibernate ORM core version 6.2.5.Final
2025-05-01T19:36:22.992+05:00  INFO 8968 --- [    Test worker] org.hibernate.cfg.Environment            : HHH000406: Using bytecode reflection optimizer
2025-05-01T19:36:23.095+05:00  INFO 8968 --- [    Test worker] o.h.b.i.BytecodeProviderInitiator        : HHH000021: Bytecode provider name : bytebuddy
2025-05-01T19:36:23.214+05:00  INFO 8968 --- [    Test worker] o.s.o.j.p.SpringPersistenceUnitInfo      : No LoadTimeWeaver setup: ignoring JPA class transformer
2025-05-01T19:36:23.232+05:00  INFO 8968 --- [    Test worker] com.zaxxer.hikari.HikariDataSource       : HikariPool-1 - Starting...
2025-05-01T19:36:23.355+05:00  INFO 8968 --- [    Test worker] com.zaxxer.hikari.pool.HikariPool        : HikariPool-1 - Added connection com.mysql.cj.jdbc.ConnectionImpl@4cfcac13
2025-05-01T19:36:23.356+05:00  INFO 8968 --- [    Test worker] com.zaxxer.hikari.HikariDataSource       : HikariPool-1 - Start completed.
2025-05-01T19:36:23.393+05:00  WARN 8968 --- [    Test worker] org.hibernate.orm.deprecation            : HHH90000026: MySQL8Dialect has been deprecated; use org.hibernate.dialect.MySQLDialect instead
2025-05-01T19:36:23.592+05:00  INFO 8968 --- [    Test worker] o.h.b.i.BytecodeProviderInitiator        : HHH000021: Bytecode provider name : bytebuddy
2025-05-01T19:36:24.096+05:00  INFO 8968 --- [    Test worker] o.h.e.t.j.p.i.JtaPlatformInitiator       : HHH000490: Using JtaPlatform implementation: [org.hibernate.engine.transaction.jta.platform.internal.NoJtaPlatform]
2025-05-01T19:36:24.138+05:00 DEBUG 8968 --- [    Test worker] org.hibernate.SQL                        : alter table appointment modify column appointment_date  datetime(6)
Hibernate: alter table appointment modify column appointment_date  datetime(6)
2025-05-01T19:36:24.149+05:00 DEBUG 8968 --- [    Test worker] org.hibernate.SQL                        : alter table appointment modify column created_at  datetime(6)
Hibernate: alter table appointment modify column created_at  datetime(6)
2025-05-01T19:36:24.153+05:00 DEBUG 8968 --- [    Test worker] org.hibernate.SQL                        : alter table appointment modify column updated_at  datetime(6)
Hibernate: alter table appointment modify column updated_at  datetime(6)
2025-05-01T19:36:24.160+05:00 DEBUG 8968 --- [    Test worker] org.hibernate.SQL                        : alter table documents modify column content  TEXT
Hibernate: alter table documents modify column content  TEXT
2025-05-01T19:36:24.166+05:00 DEBUG 8968 --- [    Test worker] org.hibernate.SQL                        : alter table documents modify column created_at  datetime(6) not null
Hibernate: alter table documents modify column created_at  datetime(6) not null
2025-05-01T19:36:24.172+05:00 DEBUG 8968 --- [    Test worker] org.hibernate.SQL                        : alter table documents modify column updated_at  datetime(6) not null
Hibernate: alter table documents modify column updated_at  datetime(6) not null
2025-05-01T19:36:24.182+05:00 DEBUG 8968 --- [    Test worker] org.hibernate.SQL                        : alter table feedback modify column submitted_at  datetime(6)
Hibernate: alter table feedback modify column submitted_at  datetime(6)
2025-05-01T19:36:24.187+05:00 DEBUG 8968 --- [    Test worker] org.hibernate.SQL                        : alter table message modify column read_at  datetime(6)
Hibernate: alter table message modify column read_at  datetime(6)
2025-05-01T19:36:24.197+05:00 DEBUG 8968 --- [    Test worker] org.hibernate.SQL                        : alter table message modify column sent_at  datetime(6)
Hibernate: alter table message modify column sent_at  datetime(6)
2025-05-01T19:36:24.203+05:00 DEBUG 8968 --- [    Test worker] org.hibernate.SQL                        : alter table task modify column created_at  datetime(6)
Hibernate: alter table task modify column created_at  datetime(6)
2025-05-01T19:36:24.208+05:00 DEBUG 8968 --- [    Test worker] org.hibernate.SQL                        : alter table task modify column due_date  datetime(6)
Hibernate: alter table task modify column due_date  datetime(6)
2025-05-01T19:36:24.212+05:00 DEBUG 8968 --- [    Test worker] org.hibernate.SQL                        : alter table task modify column updated_at  datetime(6)
Hibernate: alter table task modify column updated_at  datetime(6)
2025-05-01T19:36:24.275+05:00  INFO 8968 --- [    Test worker] j.LocalContainerEntityManagerFactoryBean : Initialized JPA EntityManagerFactory for persistence unit 'default'
2025-05-01T19:36:25.106+05:00  WARN 8968 --- [    Test worker] JpaBaseConfiguration$JpaWebConfiguration : spring.jpa.open-in-view is enabled by default. Therefore, database queries may be performed during view rendering. Explicitly configure spring.jpa.open-in-view to disable this warning
2025-05-01T19:36:25.480+05:00  INFO 8968 --- [    Test worker] f.FullstackBackendApplicationTests       : Started FullstackBackendApplicationTests in 3.64 seconds (process running for 4.485)
2025-05-01T19:36:25.687+05:00 DEBUG 8968 --- [    Test worker] org.hibernate.SQL                        : select a1_0.id from auth a1_0 where a1_0.username=? limit ?
Hibernate: select a1_0.id from auth a1_0 where a1_0.username=? limit ?
]]></system-out>
  <system-err><![CDATA[]]></system-err>
</testsuite>
