<?xml version="1.0" encoding="UTF-8"?>
<testsuite name="com.saadbaig.fullstackbackend.FullstackBackendApplicationTests" tests="1" skipped="0" failures="0" errors="0" timestamp="2025-04-27T14:41:25" hostname="DESKTOP-6DM8HGF" time="9.678">
  <properties/>
  <testcase name="contextLoads()" classname="com.saadbaig.fullstackbackend.FullstackBackendApplicationTests" time="9.678"/>
  <system-out><![CDATA[17:41:10.753 [Test worker] INFO org.springframework.test.context.support.AnnotationConfigContextLoaderUtils -- Could not detect default configuration classes for test class [com.saadbaig.fullstackbackend.FullstackBackendApplicationTests]: FullstackBackendApplicationTests does not declare any static, non-private, non-final, nested classes annotated with @Configuration.
17:41:10.910 [Test worker] INFO org.springframework.boot.test.context.SpringBootTestContextBootstrapper -- Found @SpringBootConfiguration com.saadbaig.fullstackbackend.FullstackBackendApplication for test class com.saadbaig.fullstackbackend.FullstackBackendApplicationTests

  .   ____          _            __ _ _
 /\\ / ___'_ __ _ _(_)_ __  __ _ \ \ \ \
( ( )\___ | '_ | '_| | '_ \/ _` | \ \ \ \
 \\/  ___)| |_)| | | | | || (_| |  ) ) ) )
  '  |____| .__|_| |_|_| |_\__, | / / / /
 =========|_|==============|___/=/_/_/_/
 :: Spring Boot ::                (v3.1.1)

2025-04-27T17:41:11.743+03:00  INFO 4200 --- [    Test worker] c.s.f.FullstackBackendApplicationTests   : Starting FullstackBackendApplicationTests using Java 17.0.12 with PID 4200 (started by baske in C:\Users\baske\Downloads\bakalauras\Employee-Management-System-main (1)\Employee-Management-System-main\Employee-Management-System-main\fullstack-backend)
2025-04-27T17:41:11.745+03:00  INFO 4200 --- [    Test worker] c.s.f.FullstackBackendApplicationTests   : No active profile set, falling back to 1 default profile: "default"
2025-04-27T17:41:12.876+03:00  INFO 4200 --- [    Test worker] .s.d.r.c.RepositoryConfigurationDelegate : Bootstrapping Spring Data JPA repositories in DEFAULT mode.
2025-04-27T17:41:13.002+03:00  INFO 4200 --- [    Test worker] .s.d.r.c.RepositoryConfigurationDelegate : Finished Spring Data repository scanning in 112 ms. Found 7 JPA repository interfaces.
2025-04-27T17:41:13.698+03:00  INFO 4200 --- [    Test worker] o.hibernate.jpa.internal.util.LogHelper  : HHH000204: Processing PersistenceUnitInfo [name: default]
2025-04-27T17:41:13.807+03:00  INFO 4200 --- [    Test worker] org.hibernate.Version                    : HHH000412: Hibernate ORM core version 6.2.5.Final
2025-04-27T17:41:13.811+03:00  INFO 4200 --- [    Test worker] org.hibernate.cfg.Environment            : HHH000406: Using bytecode reflection optimizer
2025-04-27T17:41:14.078+03:00  INFO 4200 --- [    Test worker] o.h.b.i.BytecodeProviderInitiator        : HHH000021: Bytecode provider name : bytebuddy
2025-04-27T17:41:14.306+03:00  INFO 4200 --- [    Test worker] o.s.o.j.p.SpringPersistenceUnitInfo      : No LoadTimeWeaver setup: ignoring JPA class transformer
2025-04-27T17:41:14.334+03:00  INFO 4200 --- [    Test worker] com.zaxxer.hikari.HikariDataSource       : HikariPool-1 - Starting...
2025-04-27T17:41:14.882+03:00  INFO 4200 --- [    Test worker] com.zaxxer.hikari.pool.HikariPool        : HikariPool-1 - Added connection com.mysql.cj.jdbc.ConnectionImpl@5c25d0d1
2025-04-27T17:41:14.886+03:00  INFO 4200 --- [    Test worker] com.zaxxer.hikari.HikariDataSource       : HikariPool-1 - Start completed.
2025-04-27T17:41:15.374+03:00  WARN 4200 --- [    Test worker] org.hibernate.orm.deprecation            : HHH90000026: MySQL8Dialect has been deprecated; use org.hibernate.dialect.MySQLDialect instead
2025-04-27T17:41:15.801+03:00  INFO 4200 --- [    Test worker] o.h.b.i.BytecodeProviderInitiator        : HHH000021: Bytecode provider name : bytebuddy
2025-04-27T17:41:17.052+03:00  INFO 4200 --- [    Test worker] o.h.e.t.j.p.i.JtaPlatformInitiator       : HHH000490: Using JtaPlatform implementation: [org.hibernate.engine.transaction.jta.platform.internal.NoJtaPlatform]
Hibernate: alter table appointment modify column appointment_date  datetime(6)
Hibernate: alter table appointment modify column created_at  datetime(6)
Hibernate: alter table appointment modify column updated_at  datetime(6)
Hibernate: alter table documents modify column content  TEXT
Hibernate: alter table documents modify column created_at  datetime(6) not null
Hibernate: alter table documents modify column updated_at  datetime(6) not null
Hibernate: alter table feedback modify column submitted_at  datetime(6)
Hibernate: alter table message modify column read_at  datetime(6)
Hibernate: alter table message modify column sent_at  datetime(6)
Hibernate: alter table task modify column created_at  datetime(6)
Hibernate: alter table task modify column due_date  datetime(6)
Hibernate: alter table task modify column updated_at  datetime(6)
2025-04-27T17:41:23.784+03:00  INFO 4200 --- [    Test worker] j.LocalContainerEntityManagerFactoryBean : Initialized JPA EntityManagerFactory for persistence unit 'default'
2025-04-27T17:41:25.054+03:00  WARN 4200 --- [    Test worker] JpaBaseConfiguration$JpaWebConfiguration : spring.jpa.open-in-view is enabled by default. Therefore, database queries may be performed during view rendering. Explicitly configure spring.jpa.open-in-view to disable this warning
2025-04-27T17:41:25.556+03:00  INFO 4200 --- [    Test worker] c.s.f.FullstackBackendApplicationTests   : Started FullstackBackendApplicationTests in 14.324 seconds (process running for 16.469)
Hibernate: select a1_0.id from auth a1_0 where a1_0.username=? limit ?
]]></system-out>
  <system-err><![CDATA[]]></system-err>
</testsuite>
